CRITICAL - 2022-08-02 15:15:31 --> Call to undefined function App\Controllers\post()
in APPPATH\Controllers\Home.php on line 14.
 1 SYSTEMPATH\CodeIgniter.php(896): App\Controllers\Home->guardadatos()
 2 SYSTEMPATH\CodeIgniter.php(466): CodeIgniter\CodeIgniter->runController(Object(App\Controllers\Home))
 3 SYSTEMPATH\CodeIgniter.php(349): CodeIgniter\CodeIgniter->handleRequest(null, Object(Config\Cache), false)
 4 FCPATH\index.php(55): CodeIgniter\CodeIgniter->run()
CRITICAL - 2022-08-02 15:17:42 --> Call to undefined function App\Controllers\post()
in APPPATH\Controllers\Home.php on line 14.
 1 SYSTEMPATH\CodeIgniter.php(896): App\Controllers\Home->guardadatos()
 2 SYSTEMPATH\CodeIgniter.php(466): CodeIgniter\CodeIgniter->runController(Object(App\Controllers\Home))
 3 SYSTEMPATH\CodeIgniter.php(349): CodeIgniter\CodeIgniter->handleRequest(null, Object(Config\Cache), false)
 4 FCPATH\index.php(55): CodeIgniter\CodeIgniter->run()
CRITICAL - 2022-08-02 15:18:12 --> Call to undefined function App\Controllers\post()
in APPPATH\Controllers\Home.php on line 14.
 1 SYSTEMPATH\CodeIgniter.php(896): App\Controllers\Home->guardadatos()
 2 SYSTEMPATH\CodeIgniter.php(466): CodeIgniter\CodeIgniter->runController(Object(App\Controllers\Home))
 3 SYSTEMPATH\CodeIgniter.php(349): CodeIgniter\CodeIgniter->handleRequest(null, Object(Config\Cache), false)
 4 FCPATH\index.php(55): CodeIgniter\CodeIgniter->run()
CRITICAL - 2022-08-02 15:19:38 --> Undefined variable: request
in APPPATH\Controllers\Home.php on line 15.
 1 APPPATH\Controllers\Home.php(15): CodeIgniter\Debug\Exceptions->errorHandler(8, 'Undefined variable: request', 'APPPATH\\Controllers\\Home.php', 15, [])
 2 SYSTEMPATH\CodeIgniter.php(896): App\Controllers\Home->guardadatos()
 3 SYSTEMPATH\CodeIgniter.php(466): CodeIgniter\CodeIgniter->runController(Object(App\Controllers\Home))
 4 SYSTEMPATH\CodeIgniter.php(349): CodeIgniter\CodeIgniter->handleRequest(null, Object(Config\Cache), false)
 5 FCPATH\index.php(55): CodeIgniter\CodeIgniter->run()
CRITICAL - 2022-08-02 15:23:59 --> Class 'App\Models\libs_model' not found
in APPPATH\Controllers\Home.php on line 15.
 1 SYSTEMPATH\CodeIgniter.php(896): App\Controllers\Home->guardadatos()
 2 SYSTEMPATH\CodeIgniter.php(466): CodeIgniter\CodeIgniter->runController(Object(App\Controllers\Home))
 3 SYSTEMPATH\CodeIgniter.php(349): CodeIgniter\CodeIgniter->handleRequest(null, Object(Config\Cache), false)
 4 FCPATH\index.php(55): CodeIgniter\CodeIgniter->run()
CRITICAL - 2022-08-02 15:24:14 --> Undefined variable: val
in APPPATH\Controllers\Home.php on line 20.
 1 APPPATH\Controllers\Home.php(20): CodeIgniter\Debug\Exceptions->errorHandler(8, 'Undefined variable: val', 'APPPATH\\Controllers\\Home.php', 20, [...])
 2 SYSTEMPATH\CodeIgniter.php(896): App\Controllers\Home->guardadatos()
 3 SYSTEMPATH\CodeIgniter.php(466): CodeIgniter\CodeIgniter->runController(Object(App\Controllers\Home))
 4 SYSTEMPATH\CodeIgniter.php(349): CodeIgniter\CodeIgniter->handleRequest(null, Object(Config\Cache), false)
 5 FCPATH\index.php(55): CodeIgniter\CodeIgniter->run()
CRITICAL - 2022-08-02 15:30:46 --> Too few arguments to function App\Models\libs_model::__construct(), 0 passed in C:\Proyectos web\framework-master\app\Controllers\Home.php on line 15 and exactly 2 expected
in APPPATH\Models\libs_model.php on line 15.
 1 APPPATH\Controllers\Home.php(15): App\Models\libs_model->__construct()
 2 SYSTEMPATH\CodeIgniter.php(896): App\Controllers\Home->guardadatos()
 3 SYSTEMPATH\CodeIgniter.php(466): CodeIgniter\CodeIgniter->runController(Object(App\Controllers\Home))
 4 SYSTEMPATH\CodeIgniter.php(349): CodeIgniter\CodeIgniter->handleRequest(null, Object(Config\Cache), false)
 5 FCPATH\index.php(55): CodeIgniter\CodeIgniter->run()
CRITICAL - 2022-08-02 15:31:21 --> Allowed fields must be specified for model: App\Models\libs_model
in SYSTEMPATH\BaseModel.php on line 1138.
 1 SYSTEMPATH\BaseModel.php(1138): CodeIgniter\Database\Exceptions\DataException::forInvalidAllowedFields('App\\Models\\libs_model')
 2 SYSTEMPATH\BaseModel.php(713): CodeIgniter\BaseModel->doProtectFields([...])
 3 SYSTEMPATH\Model.php(666): CodeIgniter\BaseModel->insert([...], true)
 4 APPPATH\Models\libs_model.php(24): CodeIgniter\Model->insert([...])
 5 APPPATH\Controllers\Home.php(25): App\Models\libs_model->insertdata([...])
 6 SYSTEMPATH\CodeIgniter.php(896): App\Controllers\Home->guardadatos()
 7 SYSTEMPATH\CodeIgniter.php(466): CodeIgniter\CodeIgniter->runController(Object(App\Controllers\Home))
 8 SYSTEMPATH\CodeIgniter.php(349): CodeIgniter\CodeIgniter->handleRequest(null, Object(Config\Cache), false)
 9 FCPATH\index.php(55): CodeIgniter\CodeIgniter->run()
CRITICAL - 2022-08-02 15:33:06 --> Undefined variable: builder
in APPPATH\Models\libs_model.php on line 24.
 1 APPPATH\Models\libs_model.php(24): CodeIgniter\Debug\Exceptions->errorHandler(8, 'Undefined variable: builder', 'APPPATH\\Models\\libs_model.php', 24, [...])
 2 APPPATH\Controllers\Home.php(25): App\Models\libs_model->insertdata([...])
 3 SYSTEMPATH\CodeIgniter.php(896): App\Controllers\Home->guardadatos()
 4 SYSTEMPATH\CodeIgniter.php(466): CodeIgniter\CodeIgniter->runController(Object(App\Controllers\Home))
 5 SYSTEMPATH\CodeIgniter.php(349): CodeIgniter\CodeIgniter->handleRequest(null, Object(Config\Cache), false)
 6 FCPATH\index.php(55): CodeIgniter\CodeIgniter->run()
CRITICAL - 2022-08-02 15:33:32 --> Access level to App\Models\libs_model::$builder must be protected (as in class CodeIgniter\Model) or weaker
in APPPATH\Models\libs_model.php on line 7.
 1 [internal function]: CodeIgniter\Debug\Exceptions->shutdownHandler()
ERROR - 2022-08-02 15:33:48 --> Error connecting to the database: Access denied for user ''@'localhost' (using password: NO)
CRITICAL - 2022-08-02 15:33:48 --> Unable to connect to the database.
Main connection [MySQLi]: Access denied for user ''@'localhost' (using password: NO)
in SYSTEMPATH\Database\BaseConnection.php on line 416.
 1 SYSTEMPATH\Database\BaseConnection.php(586): CodeIgniter\Database\BaseConnection->initialize()
 2 SYSTEMPATH\Database\BaseBuilder.php(1904): CodeIgniter\Database\BaseConnection->query('INSERT INTO `users` (`nombre`, `paginas`, `autor`) VALUES (:nombre:, :paginas:, :autor:)', [...], false)
 3 APPPATH\Models\libs_model.php(24): CodeIgniter\Database\BaseBuilder->insert([...])
 4 APPPATH\Controllers\Home.php(25): App\Models\libs_model->insertdata([...])
 5 SYSTEMPATH\CodeIgniter.php(896): App\Controllers\Home->guardadatos()
 6 SYSTEMPATH\CodeIgniter.php(466): CodeIgniter\CodeIgniter->runController(Object(App\Controllers\Home))
 7 SYSTEMPATH\CodeIgniter.php(349): CodeIgniter\CodeIgniter->handleRequest(null, Object(Config\Cache), false)
 8 FCPATH\index.php(55): CodeIgniter\CodeIgniter->run()
ERROR - 2022-08-02 15:34:42 --> Table 'libros.users' doesn't exist
CRITICAL - 2022-08-02 15:34:42 --> Table 'libros.users' doesn't exist
in SYSTEMPATH\Database\MySQLi\Connection.php on line 292.
 1 SYSTEMPATH\Database\MySQLi\Connection.php(292): mysqli->query('INSERT INTO `users` (`nombre`, `paginas`, `autor`) VALUES (\'2\', NULL, \'2\')', 0)
 2 SYSTEMPATH\Database\BaseConnection.php(695): CodeIgniter\Database\MySQLi\Connection->execute('INSERT INTO `users` (`nombre`, `paginas`, `autor`) VALUES (\'2\', NULL, \'2\')')
 3 SYSTEMPATH\Database\BaseConnection.php(609): CodeIgniter\Database\BaseConnection->simpleQuery('INSERT INTO `users` (`nombre`, `paginas`, `autor`) VALUES (\'2\', NULL, \'2\')')
 4 SYSTEMPATH\Database\BaseBuilder.php(1904): CodeIgniter\Database\BaseConnection->query('INSERT INTO `users` (`nombre`, `paginas`, `autor`) VALUES (:nombre:, :paginas:, :autor:)', [...], false)
 5 APPPATH\Models\libs_model.php(24): CodeIgniter\Database\BaseBuilder->insert([...])
 6 APPPATH\Controllers\Home.php(25): App\Models\libs_model->insertdata([...])
 7 SYSTEMPATH\CodeIgniter.php(896): App\Controllers\Home->guardadatos()
 8 SYSTEMPATH\CodeIgniter.php(466): CodeIgniter\CodeIgniter->runController(Object(App\Controllers\Home))
 9 SYSTEMPATH\CodeIgniter.php(349): CodeIgniter\CodeIgniter->handleRequest(null, Object(Config\Cache), false)
10 FCPATH\index.php(55): CodeIgniter\CodeIgniter->run()
ERROR - 2022-08-02 15:35:10 --> Column 'paginas' cannot be null
CRITICAL - 2022-08-02 15:35:10 --> Column 'paginas' cannot be null
in SYSTEMPATH\Database\MySQLi\Connection.php on line 292.
 1 SYSTEMPATH\Database\MySQLi\Connection.php(292): mysqli->query('INSERT INTO `lib` (`nombre`, `paginas`, `autor`) VALUES (\'2\', NULL, \'2\')', 0)
 2 SYSTEMPATH\Database\BaseConnection.php(695): CodeIgniter\Database\MySQLi\Connection->execute('INSERT INTO `lib` (`nombre`, `paginas`, `autor`) VALUES (\'2\', NULL, \'2\')')
 3 SYSTEMPATH\Database\BaseConnection.php(609): CodeIgniter\Database\BaseConnection->simpleQuery('INSERT INTO `lib` (`nombre`, `paginas`, `autor`) VALUES (\'2\', NULL, \'2\')')
 4 SYSTEMPATH\Database\BaseBuilder.php(1904): CodeIgniter\Database\BaseConnection->query('INSERT INTO `lib` (`nombre`, `paginas`, `autor`) VALUES (:nombre:, :paginas:, :autor:)', [...], false)
 5 APPPATH\Models\libs_model.php(24): CodeIgniter\Database\BaseBuilder->insert([...])
 6 APPPATH\Controllers\Home.php(25): App\Models\libs_model->insertdata([...])
 7 SYSTEMPATH\CodeIgniter.php(896): App\Controllers\Home->guardadatos()
 8 SYSTEMPATH\CodeIgniter.php(466): CodeIgniter\CodeIgniter->runController(Object(App\Controllers\Home))
 9 SYSTEMPATH\CodeIgniter.php(349): CodeIgniter\CodeIgniter->handleRequest(null, Object(Config\Cache), false)
10 FCPATH\index.php(55): CodeIgniter\CodeIgniter->run()
ERROR - 2022-08-02 15:35:20 --> Column 'paginas' cannot be null
CRITICAL - 2022-08-02 15:35:20 --> Column 'paginas' cannot be null
in SYSTEMPATH\Database\MySQLi\Connection.php on line 292.
 1 SYSTEMPATH\Database\MySQLi\Connection.php(292): mysqli->query('INSERT INTO `lib` (`nombre`, `paginas`, `autor`) VALUES (\'2\', NULL, \'2\')', 0)
 2 SYSTEMPATH\Database\BaseConnection.php(695): CodeIgniter\Database\MySQLi\Connection->execute('INSERT INTO `lib` (`nombre`, `paginas`, `autor`) VALUES (\'2\', NULL, \'2\')')
 3 SYSTEMPATH\Database\BaseConnection.php(609): CodeIgniter\Database\BaseConnection->simpleQuery('INSERT INTO `lib` (`nombre`, `paginas`, `autor`) VALUES (\'2\', NULL, \'2\')')
 4 SYSTEMPATH\Database\BaseBuilder.php(1904): CodeIgniter\Database\BaseConnection->query('INSERT INTO `lib` (`nombre`, `paginas`, `autor`) VALUES (:nombre:, :paginas:, :autor:)', [...], false)
 5 APPPATH\Models\libs_model.php(24): CodeIgniter\Database\BaseBuilder->insert([...])
 6 APPPATH\Controllers\Home.php(25): App\Models\libs_model->insertdata([...])
 7 SYSTEMPATH\CodeIgniter.php(896): App\Controllers\Home->guardadatos()
 8 SYSTEMPATH\CodeIgniter.php(466): CodeIgniter\CodeIgniter->runController(Object(App\Controllers\Home))
 9 SYSTEMPATH\CodeIgniter.php(349): CodeIgniter\CodeIgniter->handleRequest(null, Object(Config\Cache), false)
10 FCPATH\index.php(55): CodeIgniter\CodeIgniter->run()
ERROR - 2022-08-02 15:35:53 --> Column 'paginas' cannot be null
CRITICAL - 2022-08-02 15:35:53 --> Column 'paginas' cannot be null
in SYSTEMPATH\Database\MySQLi\Connection.php on line 292.
 1 SYSTEMPATH\Database\MySQLi\Connection.php(292): mysqli->query('INSERT INTO `lib` (`nombre`, `paginas`, `autor`) VALUES (\'2\', NULL, \'2\')', 0)
 2 SYSTEMPATH\Database\BaseConnection.php(695): CodeIgniter\Database\MySQLi\Connection->execute('INSERT INTO `lib` (`nombre`, `paginas`, `autor`) VALUES (\'2\', NULL, \'2\')')
 3 SYSTEMPATH\Database\BaseConnection.php(609): CodeIgniter\Database\BaseConnection->simpleQuery('INSERT INTO `lib` (`nombre`, `paginas`, `autor`) VALUES (\'2\', NULL, \'2\')')
 4 SYSTEMPATH\Database\BaseBuilder.php(1904): CodeIgniter\Database\BaseConnection->query('INSERT INTO `lib` (`nombre`, `paginas`, `autor`) VALUES (:nombre:, :paginas:, :autor:)', [...], false)
 5 APPPATH\Models\libs_model.php(25): CodeIgniter\Database\BaseBuilder->insert([...])
 6 APPPATH\Controllers\Home.php(25): App\Models\libs_model->insertdata([...])
 7 SYSTEMPATH\CodeIgniter.php(896): App\Controllers\Home->guardadatos()
 8 SYSTEMPATH\CodeIgniter.php(466): CodeIgniter\CodeIgniter->runController(Object(App\Controllers\Home))
 9 SYSTEMPATH\CodeIgniter.php(349): CodeIgniter\CodeIgniter->handleRequest(null, Object(Config\Cache), false)
10 FCPATH\index.php(55): CodeIgniter\CodeIgniter->run()
ERROR - 2022-08-02 15:36:08 --> Column 'paginas' cannot be null
CRITICAL - 2022-08-02 15:36:08 --> Column 'paginas' cannot be null
in SYSTEMPATH\Database\MySQLi\Connection.php on line 292.
 1 SYSTEMPATH\Database\MySQLi\Connection.php(292): mysqli->query('INSERT INTO `lib` (`nombre`, `paginas`, `autor`) VALUES (\'2\', NULL, \'2\')', 0)
 2 SYSTEMPATH\Database\BaseConnection.php(695): CodeIgniter\Database\MySQLi\Connection->execute('INSERT INTO `lib` (`nombre`, `paginas`, `autor`) VALUES (\'2\', NULL, \'2\')')
 3 SYSTEMPATH\Database\BaseConnection.php(609): CodeIgniter\Database\BaseConnection->simpleQuery('INSERT INTO `lib` (`nombre`, `paginas`, `autor`) VALUES (\'2\', NULL, \'2\')')
 4 SYSTEMPATH\Database\BaseBuilder.php(1904): CodeIgniter\Database\BaseConnection->query('INSERT INTO `lib` (`nombre`, `paginas`, `autor`) VALUES (:nombre:, :paginas:, :autor:)', [...], false)
 5 APPPATH\Models\libs_model.php(25): CodeIgniter\Database\BaseBuilder->insert([...])
 6 APPPATH\Controllers\Home.php(25): App\Models\libs_model->insertdata([...])
 7 SYSTEMPATH\CodeIgniter.php(896): App\Controllers\Home->guardadatos()
 8 SYSTEMPATH\CodeIgniter.php(466): CodeIgniter\CodeIgniter->runController(Object(App\Controllers\Home))
 9 SYSTEMPATH\CodeIgniter.php(349): CodeIgniter\CodeIgniter->handleRequest(null, Object(Config\Cache), false)
10 FCPATH\index.php(55): CodeIgniter\CodeIgniter->run()
CRITICAL - 2022-08-02 15:38:18 --> Invalid file: vistaregresar.php
in SYSTEMPATH\Exceptions\FrameworkException.php on line 33.
 1 SYSTEMPATH\View\View.php(201): CodeIgniter\Exceptions\FrameworkException::forInvalidFile('vistaregresar.php')
 2 SYSTEMPATH\Common.php(1135): CodeIgniter\View\View->render('vistaregresar', [], true)
 3 APPPATH\Controllers\Home.php(28): view('vistaregresar')
 4 SYSTEMPATH\CodeIgniter.php(896): App\Controllers\Home->guardadatos()
 5 SYSTEMPATH\CodeIgniter.php(466): CodeIgniter\CodeIgniter->runController(Object(App\Controllers\Home))
 6 SYSTEMPATH\CodeIgniter.php(349): CodeIgniter\CodeIgniter->handleRequest(null, Object(Config\Cache), false)
 7 FCPATH\index.php(55): CodeIgniter\CodeIgniter->run()
CRITICAL - 2022-08-02 15:39:12 --> Invalid file: vistaregresar.php
in SYSTEMPATH\Exceptions\FrameworkException.php on line 33.
 1 SYSTEMPATH\View\View.php(201): CodeIgniter\Exceptions\FrameworkException::forInvalidFile('vistaregresar.php')
 2 SYSTEMPATH\Common.php(1135): CodeIgniter\View\View->render('vistaregresar', [], true)
 3 APPPATH\Controllers\Home.php(28): view('vistaregresar')
 4 SYSTEMPATH\CodeIgniter.php(896): App\Controllers\Home->guardadatos()
 5 SYSTEMPATH\CodeIgniter.php(466): CodeIgniter\CodeIgniter->runController(Object(App\Controllers\Home))
 6 SYSTEMPATH\CodeIgniter.php(349): CodeIgniter\CodeIgniter->handleRequest(null, Object(Config\Cache), false)
 7 FCPATH\index.php(55): CodeIgniter\CodeIgniter->run()
